0 info it worked if it ends with ok
1 verbose cli [ 'C:\\Program Files\\nodejs\\node.exe',
1 verbose cli   'C:\\Program Files\\nodejs\\node_modules\\npm\\bin\\npm-cli.js',
1 verbose cli   'start' ]
2 info using npm@3.10.10
3 info using node@v6.11.0
4 verbose run-script [ 'prestart', 'start', 'poststart' ]
5 info lifecycle scraperapp@1.0.0~prestart: scraperapp@1.0.0
6 silly lifecycle scraperapp@1.0.0~prestart: no script for prestart, continuing
7 info lifecycle scraperapp@1.0.0~start: scraperapp@1.0.0
8 verbose lifecycle scraperapp@1.0.0~start: unsafe-perm in lifecycle true
9 verbose lifecycle scraperapp@1.0.0~start: PATH: C:\Program Files\nodejs\node_modules\npm\bin\node-gyp-bin;C:\Users\Brent\documents\scraperapp\node_modules\.bin;C:\Users\Brent\bin;C:\Program Files\Git\mingw64\bin;C:\Program Files\Git\usr\local\bin;C:\Program Files\Git\usr\bin;C:\Program Files\Git\usr\bin;C:\Program Files\Git\mingw64\bin;C:\Program Files\Git\usr\bin;C:\Users\Brent\bin;C:\Program Files\Microsoft MPI\Bin;C:\Program Files (x86)\Intel\iCLS Client;C:\Program Files\Intel\iCLS Client;C:\WINDOWS\system32;C:\WINDOWS;C:\WINDOWS\System32\Wbem;C:\WINDOWS\System32\WindowsPowerShell\v1.0;C:\Program Files (x86)\Intel\Intel(R) Management Engine Components\DAL;C:\Program Files\Intel\Intel(R) Management Engine Components\DAL;C:\Program Files (x86)\Intel\Intel(R) Management Engine Components\IPT;C:\Program Files\Intel\Intel(R) Management Engine Components\IPT;C:\Program Files\nodejs;C:\Program Files\Intel\WiFi\bin;C:\Program Files\Common Files\Intel\WirelessCommon;C:\Program Files\MongoDB\Server\3.4\bin;C:\Program Files\dotnet;C:\Program Files\Microsoft SQL Server\130\Tools\Binn;C:\Program Files\Git\cmd;C:\Users\Brent\AppData\Local\Microsoft\WindowsApps;C:\Program Files\Heroku\bin;C:\Users\Brent\AppData\Roaming\npm;C:\Users\Brent\AppData\Local\atom\bin;%USERPROFILE%\AppData\Local\Microsoft\WindowsApps;C:\Program Files\Git\usr\bin\vendor_perl;C:\Program Files\Git\usr\bin\core_perl
10 verbose lifecycle scraperapp@1.0.0~start: CWD: C:\Users\Brent\documents\scraperapp
11 silly lifecycle scraperapp@1.0.0~start: Args: [ '/d /s /c', 'node server.js' ]
12 silly lifecycle scraperapp@1.0.0~start: Returned: code: 3221225786  signal: null
13 info lifecycle scraperapp@1.0.0~start: Failed to exec start script
14 verbose stack Error: scraperapp@1.0.0 start: `node server.js`
14 verbose stack Exit status 3221225786
14 verbose stack     at EventEmitter.<anonymous> (C:\Program Files\nodejs\node_modules\npm\lib\utils\lifecycle.js:255:16)
14 verbose stack     at emitTwo (events.js:106:13)
14 verbose stack     at EventEmitter.emit (events.js:191:7)
14 verbose stack     at ChildProcess.<anonymous> (C:\Program Files\nodejs\node_modules\npm\lib\utils\spawn.js:40:14)
14 verbose stack     at emitTwo (events.js:106:13)
14 verbose stack     at ChildProcess.emit (events.js:191:7)
14 verbose stack     at maybeClose (internal/child_process.js:891:16)
14 verbose stack     at Process.ChildProcess._handle.onexit (internal/child_process.js:226:5)
15 verbose pkgid scraperapp@1.0.0
16 verbose cwd C:\Users\Brent\documents\scraperapp
17 error Windows_NT 10.0.16299
18 error argv "C:\\Program Files\\nodejs\\node.exe" "C:\\Program Files\\nodejs\\node_modules\\npm\\bin\\npm-cli.js" "start"
19 error node v6.11.0
20 error npm  v3.10.10
21 error code ELIFECYCLE
22 error scraperapp@1.0.0 start: `node server.js`
22 error Exit status 3221225786
23 error Failed at the scraperapp@1.0.0 start script 'node server.js'.
23 error Make sure you have the latest version of node.js and npm installed.
23 error If you do, this is most likely a problem with the scraperapp package,
23 error not with npm itself.
23 error Tell the author that this fails on your system:
23 error     node server.js
23 error You can get information on how to open an issue for this project with:
23 error     npm bugs scraperapp
23 error Or if that isn't available, you can get their info via:
23 error     npm owner ls scraperapp
23 error There is likely additional logging output above.
24 verbose exit [ 1, true ]
